{"/home/idealist/frontend-project-46/src/functions.js": {"path":"/home/idealist/frontend-project-46/src/functions.js","statementMap":{"0":{"start":{"line":6,"column":32},"end":{"line":6,"column":64}},"1":{"start":{"line":6,"column":42},"end":{"line":6,"column":64}},"2":{"start":{"line":7,"column":36},"end":{"line":7,"column":72}},"3":{"start":{"line":7,"column":50},"end":{"line":7,"column":72}},"4":{"start":{"line":8,"column":31},"end":{"line":8,"column":82}},"5":{"start":{"line":8,"column":45},"end":{"line":8,"column":82}},"6":{"start":{"line":9,"column":24},"end":{"line":9,"column":80}},"7":{"start":{"line":9,"column":42},"end":{"line":9,"column":80}},"8":{"start":{"line":11,"column":23},"end":{"line":15,"column":1}},"9":{"start":{"line":12,"column":27},"end":{"line":12,"column":52}},"10":{"start":{"line":13,"column":15},"end":{"line":13,"column":41}},"11":{"start":{"line":14,"column":2},"end":{"line":14,"column":14}},"12":{"start":{"line":17,"column":27},"end":{"line":44,"column":1}},"13":{"start":{"line":18,"column":15},"end":{"line":18,"column":52}},"14":{"start":{"line":20,"column":17},"end":{"line":41,"column":8}},"15":{"start":{"line":21,"column":19},"end":{"line":21,"column":21}},"16":{"start":{"line":22,"column":4},"end":{"line":39,"column":5}},"17":{"start":{"line":23,"column":6},"end":{"line":23,"column":23}},"18":{"start":{"line":24,"column":6},"end":{"line":24,"column":32}},"19":{"start":{"line":25,"column":6},"end":{"line":25,"column":30}},"20":{"start":{"line":26,"column":11},"end":{"line":39,"column":5}},"21":{"start":{"line":27,"column":6},"end":{"line":27,"column":23}},"22":{"start":{"line":28,"column":6},"end":{"line":28,"column":32}},"23":{"start":{"line":29,"column":6},"end":{"line":29,"column":32}},"24":{"start":{"line":30,"column":11},"end":{"line":39,"column":5}},"25":{"start":{"line":31,"column":6},"end":{"line":31,"column":23}},"26":{"start":{"line":32,"column":6},"end":{"line":32,"column":35}},"27":{"start":{"line":33,"column":6},"end":{"line":33,"column":32}},"28":{"start":{"line":34,"column":6},"end":{"line":34,"column":32}},"29":{"start":{"line":36,"column":6},"end":{"line":36,"column":23}},"30":{"start":{"line":37,"column":6},"end":{"line":37,"column":32}},"31":{"start":{"line":38,"column":6},"end":{"line":38,"column":34}},"32":{"start":{"line":40,"column":4},"end":{"line":40,"column":28}},"33":{"start":{"line":43,"column":2},"end":{"line":43,"column":16}},"34":{"start":{"line":46,"column":29},"end":{"line":75,"column":1}},"35":{"start":{"line":47,"column":17},"end":{"line":47,"column":39}},"36":{"start":{"line":48,"column":17},"end":{"line":72,"column":4}},"37":{"start":{"line":52,"column":4},"end":{"line":70,"column":5}},"38":{"start":{"line":54,"column":8},"end":{"line":54,"column":41}},"39":{"start":{"line":55,"column":8},"end":{"line":55,"column":14}},"40":{"start":{"line":58,"column":8},"end":{"line":58,"column":41}},"41":{"start":{"line":59,"column":8},"end":{"line":59,"column":14}},"42":{"start":{"line":62,"column":8},"end":{"line":62,"column":66}},"43":{"start":{"line":63,"column":8},"end":{"line":63,"column":14}},"44":{"start":{"line":66,"column":8},"end":{"line":66,"column":41}},"45":{"start":{"line":67,"column":8},"end":{"line":67,"column":14}},"46":{"start":{"line":69,"column":15},"end":{"line":69,"column":53}},"47":{"start":{"line":71,"column":4},"end":{"line":71,"column":19}},"48":{"start":{"line":73,"column":18},"end":{"line":73,"column":50}},"49":{"start":{"line":74,"column":2},"end":{"line":74,"column":17}}},"fnMap":{"0":{"name":"(anonymous_0)","decl":{"start":{"line":6,"column":32},"end":{"line":6,"column":33}},"loc":{"start":{"line":6,"column":42},"end":{"line":6,"column":64}},"line":6},"1":{"name":"(anonymous_1)","decl":{"start":{"line":7,"column":36},"end":{"line":7,"column":37}},"loc":{"start":{"line":7,"column":50},"end":{"line":7,"column":72}},"line":7},"2":{"name":"(anonymous_2)","decl":{"start":{"line":8,"column":31},"end":{"line":8,"column":32}},"loc":{"start":{"line":8,"column":45},"end":{"line":8,"column":82}},"line":8},"3":{"name":"(anonymous_3)","decl":{"start":{"line":9,"column":24},"end":{"line":9,"column":25}},"loc":{"start":{"line":9,"column":42},"end":{"line":9,"column":80}},"line":9},"4":{"name":"(anonymous_4)","decl":{"start":{"line":11,"column":23},"end":{"line":11,"column":24}},"loc":{"start":{"line":11,"column":37},"end":{"line":15,"column":1}},"line":11},"5":{"name":"(anonymous_5)","decl":{"start":{"line":17,"column":27},"end":{"line":17,"column":28}},"loc":{"start":{"line":17,"column":45},"end":{"line":44,"column":1}},"line":17},"6":{"name":"(anonymous_6)","decl":{"start":{"line":20,"column":29},"end":{"line":20,"column":30}},"loc":{"start":{"line":20,"column":43},"end":{"line":41,"column":3}},"line":20},"7":{"name":"(anonymous_7)","decl":{"start":{"line":46,"column":29},"end":{"line":46,"column":30}},"loc":{"start":{"line":46,"column":38},"end":{"line":75,"column":1}},"line":46},"8":{"name":"(anonymous_8)","decl":{"start":{"line":48,"column":28},"end":{"line":48,"column":29}},"loc":{"start":{"line":50,"column":8},"end":{"line":72,"column":3}},"line":50}},"branchMap":{"0":{"loc":{"start":{"line":22,"column":4},"end":{"line":39,"column":5}},"type":"if","locations":[{"start":{"line":22,"column":4},"end":{"line":39,"column":5}},{"start":{"line":26,"column":11},"end":{"line":39,"column":5}}],"line":22},"1":{"loc":{"start":{"line":26,"column":11},"end":{"line":39,"column":5}},"type":"if","locations":[{"start":{"line":26,"column":11},"end":{"line":39,"column":5}},{"start":{"line":30,"column":11},"end":{"line":39,"column":5}}],"line":26},"2":{"loc":{"start":{"line":30,"column":11},"end":{"line":39,"column":5}},"type":"if","locations":[{"start":{"line":30,"column":11},"end":{"line":39,"column":5}},{"start":{"line":35,"column":11},"end":{"line":39,"column":5}}],"line":30},"3":{"loc":{"start":{"line":52,"column":4},"end":{"line":70,"column":5}},"type":"switch","locations":[{"start":{"line":53,"column":6},"end":{"line":56,"column":7}},{"start":{"line":57,"column":6},"end":{"line":60,"column":7}},{"start":{"line":61,"column":6},"end":{"line":64,"column":7}},{"start":{"line":65,"column":6},"end":{"line":68,"column":7}},{"start":{"line":69,"column":6},"end":{"line":69,"column":53}}],"line":52}},"s":{"0":1,"1":0,"2":1,"3":4,"4":1,"5":4,"6":1,"7":4,"8":1,"9":4,"10":4,"11":4,"12":1,"13":2,"14":2,"15":10,"16":10,"17":2,"18":2,"19":2,"20":8,"21":4,"22":4,"23":4,"24":4,"25":2,"26":2,"27":2,"28":2,"29":2,"30":2,"31":2,"32":10,"33":2,"34":1,"35":2,"36":2,"37":10,"38":2,"39":2,"40":4,"41":4,"42":2,"43":2,"44":2,"45":2,"46":0,"47":10,"48":2,"49":2},"f":{"0":0,"1":4,"2":4,"3":4,"4":4,"5":2,"6":10,"7":2,"8":10},"b":{"0":[2,8],"1":[4,4],"2":[2,2],"3":[2,4,2,2,0]},"_coverageSchema":"1a1c01bbd47fc00a2c39e90264f33305004495a9","hash":"6cf5bde8872073cfc077a07f9f7028b765d19660"}
,"/home/idealist/frontend-project-46/src/index.js": {"path":"/home/idealist/frontend-project-46/src/index.js","statementMap":{"0":{"start":{"line":10,"column":16},"end":{"line":18,"column":1}},"1":{"start":{"line":11,"column":25},"end":{"line":11,"column":43}},"2":{"start":{"line":12,"column":25},"end":{"line":12,"column":43}},"3":{"start":{"line":13,"column":20},"end":{"line":13,"column":82}},"4":{"start":{"line":14,"column":21},"end":{"line":14,"column":83}},"5":{"start":{"line":15,"column":19},"end":{"line":15,"column":53}},"6":{"start":{"line":16,"column":17},"end":{"line":16,"column":40}},"7":{"start":{"line":17,"column":2},"end":{"line":17,"column":16}}},"fnMap":{"0":{"name":"(anonymous_0)","decl":{"start":{"line":10,"column":16},"end":{"line":10,"column":17}},"loc":{"start":{"line":10,"column":42},"end":{"line":18,"column":1}},"line":10}},"branchMap":{},"s":{"0":1,"1":2,"2":2,"3":2,"4":2,"5":2,"6":2,"7":2},"f":{"0":2},"b":{},"_coverageSchema":"1a1c01bbd47fc00a2c39e90264f33305004495a9","hash":"339c1f2481bd12162bcd532c2912b154ab8337f0"}
,"/home/idealist/frontend-project-46/src/parsers.js": {"path":"/home/idealist/frontend-project-46/src/parsers.js","statementMap":{"0":{"start":{"line":3,"column":22},"end":{"line":9,"column":1}},"1":{"start":{"line":4,"column":2},"end":{"line":8,"column":3}},"2":{"start":{"line":5,"column":20},"end":{"line":5,"column":44}},"3":{"start":{"line":6,"column":19},"end":{"line":6,"column":42}},"4":{"start":{"line":7,"column":13},"end":{"line":7,"column":48}}},"fnMap":{"0":{"name":"(anonymous_0)","decl":{"start":{"line":3,"column":22},"end":{"line":3,"column":23}},"loc":{"start":{"line":3,"column":47},"end":{"line":9,"column":1}},"line":3}},"branchMap":{"0":{"loc":{"start":{"line":4,"column":2},"end":{"line":8,"column":3}},"type":"switch","locations":[{"start":{"line":5,"column":4},"end":{"line":5,"column":44}},{"start":{"line":6,"column":4},"end":{"line":6,"column":42}},{"start":{"line":7,"column":4},"end":{"line":7,"column":48}}],"line":4}},"s":{"0":1,"1":4,"2":2,"3":2,"4":0},"f":{"0":4},"b":{"0":[2,2,0]},"_coverageSchema":"1a1c01bbd47fc00a2c39e90264f33305004495a9","hash":"917d261db1cc771331f05efbd5571ce073f9a77a"}
}
