{"/home/idealist/frontend-project-46/src/functions.js": {"path":"/home/idealist/frontend-project-46/src/functions.js","statementMap":{"0":{"start":{"line":7,"column":32},"end":{"line":7,"column":64}},"1":{"start":{"line":7,"column":42},"end":{"line":7,"column":64}},"2":{"start":{"line":8,"column":36},"end":{"line":8,"column":72}},"3":{"start":{"line":8,"column":50},"end":{"line":8,"column":72}},"4":{"start":{"line":9,"column":31},"end":{"line":9,"column":82}},"5":{"start":{"line":9,"column":45},"end":{"line":9,"column":82}},"6":{"start":{"line":10,"column":24},"end":{"line":10,"column":71}},"7":{"start":{"line":10,"column":42},"end":{"line":10,"column":71}},"8":{"start":{"line":12,"column":23},"end":{"line":16,"column":1}},"9":{"start":{"line":13,"column":27},"end":{"line":13,"column":52}},"10":{"start":{"line":14,"column":15},"end":{"line":14,"column":41}},"11":{"start":{"line":15,"column":2},"end":{"line":15,"column":14}},"12":{"start":{"line":18,"column":29},"end":{"line":24,"column":1}},"13":{"start":{"line":19,"column":2},"end":{"line":23,"column":3}},"14":{"start":{"line":20,"column":20},"end":{"line":20,"column":44}},"15":{"start":{"line":21,"column":19},"end":{"line":21,"column":42}},"16":{"start":{"line":22,"column":13},"end":{"line":22,"column":48}},"17":{"start":{"line":26,"column":27},"end":{"line":53,"column":1}},"18":{"start":{"line":27,"column":15},"end":{"line":27,"column":50}},"19":{"start":{"line":29,"column":17},"end":{"line":50,"column":8}},"20":{"start":{"line":30,"column":19},"end":{"line":30,"column":21}},"21":{"start":{"line":31,"column":4},"end":{"line":48,"column":5}},"22":{"start":{"line":32,"column":6},"end":{"line":32,"column":23}},"23":{"start":{"line":33,"column":6},"end":{"line":33,"column":31}},"24":{"start":{"line":34,"column":6},"end":{"line":34,"column":30}},"25":{"start":{"line":35,"column":11},"end":{"line":48,"column":5}},"26":{"start":{"line":36,"column":6},"end":{"line":36,"column":23}},"27":{"start":{"line":37,"column":6},"end":{"line":37,"column":31}},"28":{"start":{"line":38,"column":6},"end":{"line":38,"column":32}},"29":{"start":{"line":39,"column":11},"end":{"line":48,"column":5}},"30":{"start":{"line":40,"column":6},"end":{"line":40,"column":23}},"31":{"start":{"line":41,"column":6},"end":{"line":41,"column":34}},"32":{"start":{"line":42,"column":6},"end":{"line":42,"column":31}},"33":{"start":{"line":43,"column":6},"end":{"line":43,"column":32}},"34":{"start":{"line":45,"column":6},"end":{"line":45,"column":23}},"35":{"start":{"line":46,"column":6},"end":{"line":46,"column":31}},"36":{"start":{"line":47,"column":6},"end":{"line":47,"column":34}},"37":{"start":{"line":49,"column":4},"end":{"line":49,"column":28}},"38":{"start":{"line":52,"column":2},"end":{"line":52,"column":16}},"39":{"start":{"line":55,"column":29},"end":{"line":84,"column":1}},"40":{"start":{"line":56,"column":17},"end":{"line":56,"column":39}},"41":{"start":{"line":57,"column":17},"end":{"line":81,"column":4}},"42":{"start":{"line":61,"column":4},"end":{"line":79,"column":5}},"43":{"start":{"line":63,"column":8},"end":{"line":63,"column":41}},"44":{"start":{"line":64,"column":8},"end":{"line":64,"column":14}},"45":{"start":{"line":67,"column":8},"end":{"line":67,"column":41}},"46":{"start":{"line":68,"column":8},"end":{"line":68,"column":14}},"47":{"start":{"line":71,"column":8},"end":{"line":71,"column":66}},"48":{"start":{"line":72,"column":8},"end":{"line":72,"column":14}},"49":{"start":{"line":75,"column":8},"end":{"line":75,"column":41}},"50":{"start":{"line":76,"column":8},"end":{"line":76,"column":14}},"51":{"start":{"line":78,"column":15},"end":{"line":78,"column":53}},"52":{"start":{"line":80,"column":4},"end":{"line":80,"column":19}},"53":{"start":{"line":82,"column":18},"end":{"line":82,"column":50}},"54":{"start":{"line":83,"column":2},"end":{"line":83,"column":17}}},"fnMap":{"0":{"name":"(anonymous_0)","decl":{"start":{"line":7,"column":32},"end":{"line":7,"column":33}},"loc":{"start":{"line":7,"column":42},"end":{"line":7,"column":64}},"line":7},"1":{"name":"(anonymous_1)","decl":{"start":{"line":8,"column":36},"end":{"line":8,"column":37}},"loc":{"start":{"line":8,"column":50},"end":{"line":8,"column":72}},"line":8},"2":{"name":"(anonymous_2)","decl":{"start":{"line":9,"column":31},"end":{"line":9,"column":32}},"loc":{"start":{"line":9,"column":45},"end":{"line":9,"column":82}},"line":9},"3":{"name":"(anonymous_3)","decl":{"start":{"line":10,"column":24},"end":{"line":10,"column":25}},"loc":{"start":{"line":10,"column":42},"end":{"line":10,"column":71}},"line":10},"4":{"name":"(anonymous_4)","decl":{"start":{"line":12,"column":23},"end":{"line":12,"column":24}},"loc":{"start":{"line":12,"column":37},"end":{"line":16,"column":1}},"line":12},"5":{"name":"(anonymous_5)","decl":{"start":{"line":18,"column":29},"end":{"line":18,"column":30}},"loc":{"start":{"line":18,"column":54},"end":{"line":24,"column":1}},"line":18},"6":{"name":"(anonymous_6)","decl":{"start":{"line":26,"column":27},"end":{"line":26,"column":28}},"loc":{"start":{"line":26,"column":43},"end":{"line":53,"column":1}},"line":26},"7":{"name":"(anonymous_7)","decl":{"start":{"line":29,"column":29},"end":{"line":29,"column":30}},"loc":{"start":{"line":29,"column":43},"end":{"line":50,"column":3}},"line":29},"8":{"name":"(anonymous_8)","decl":{"start":{"line":55,"column":29},"end":{"line":55,"column":30}},"loc":{"start":{"line":55,"column":38},"end":{"line":84,"column":1}},"line":55},"9":{"name":"(anonymous_9)","decl":{"start":{"line":57,"column":28},"end":{"line":57,"column":29}},"loc":{"start":{"line":59,"column":8},"end":{"line":81,"column":3}},"line":59}},"branchMap":{"0":{"loc":{"start":{"line":19,"column":2},"end":{"line":23,"column":3}},"type":"switch","locations":[{"start":{"line":20,"column":4},"end":{"line":20,"column":44}},{"start":{"line":21,"column":4},"end":{"line":21,"column":42}},{"start":{"line":22,"column":4},"end":{"line":22,"column":48}}],"line":19},"1":{"loc":{"start":{"line":31,"column":4},"end":{"line":48,"column":5}},"type":"if","locations":[{"start":{"line":31,"column":4},"end":{"line":48,"column":5}},{"start":{"line":35,"column":11},"end":{"line":48,"column":5}}],"line":31},"2":{"loc":{"start":{"line":35,"column":11},"end":{"line":48,"column":5}},"type":"if","locations":[{"start":{"line":35,"column":11},"end":{"line":48,"column":5}},{"start":{"line":39,"column":11},"end":{"line":48,"column":5}}],"line":35},"3":{"loc":{"start":{"line":39,"column":11},"end":{"line":48,"column":5}},"type":"if","locations":[{"start":{"line":39,"column":11},"end":{"line":48,"column":5}},{"start":{"line":44,"column":11},"end":{"line":48,"column":5}}],"line":39},"4":{"loc":{"start":{"line":61,"column":4},"end":{"line":79,"column":5}},"type":"switch","locations":[{"start":{"line":62,"column":6},"end":{"line":65,"column":7}},{"start":{"line":66,"column":6},"end":{"line":69,"column":7}},{"start":{"line":70,"column":6},"end":{"line":73,"column":7}},{"start":{"line":74,"column":6},"end":{"line":77,"column":7}},{"start":{"line":78,"column":6},"end":{"line":78,"column":53}}],"line":61}},"s":{"0":1,"1":0,"2":1,"3":2,"4":1,"5":2,"6":1,"7":2,"8":1,"9":2,"10":2,"11":2,"12":1,"13":2,"14":2,"15":0,"16":0,"17":1,"18":1,"19":1,"20":5,"21":5,"22":1,"23":1,"24":1,"25":4,"26":2,"27":2,"28":2,"29":2,"30":1,"31":1,"32":1,"33":1,"34":1,"35":1,"36":1,"37":5,"38":1,"39":1,"40":1,"41":1,"42":5,"43":1,"44":1,"45":2,"46":2,"47":1,"48":1,"49":1,"50":1,"51":0,"52":5,"53":1,"54":1},"f":{"0":0,"1":2,"2":2,"3":2,"4":2,"5":2,"6":1,"7":5,"8":1,"9":5},"b":{"0":[2,0,0],"1":[1,4],"2":[2,2],"3":[1,1],"4":[1,2,1,1,0]},"_coverageSchema":"1a1c01bbd47fc00a2c39e90264f33305004495a9","hash":"a4d25079b1bc7040bc900a9cff2dfc9e6ef04102"}
,"/home/idealist/frontend-project-46/src/index.js": {"path":"/home/idealist/frontend-project-46/src/index.js","statementMap":{"0":{"start":{"line":10,"column":23},"end":{"line":10,"column":64}},"1":{"start":{"line":10,"column":32},"end":{"line":10,"column":64}},"2":{"start":{"line":12,"column":16},"end":{"line":20,"column":1}},"3":{"start":{"line":13,"column":25},"end":{"line":13,"column":43}},"4":{"start":{"line":14,"column":25},"end":{"line":14,"column":43}},"5":{"start":{"line":15,"column":20},"end":{"line":15,"column":82}},"6":{"start":{"line":16,"column":21},"end":{"line":16,"column":83}},"7":{"start":{"line":17,"column":19},"end":{"line":17,"column":53}},"8":{"start":{"line":18,"column":17},"end":{"line":18,"column":40}},"9":{"start":{"line":19,"column":2},"end":{"line":19,"column":16}}},"fnMap":{"0":{"name":"(anonymous_0)","decl":{"start":{"line":10,"column":23},"end":{"line":10,"column":24}},"loc":{"start":{"line":10,"column":32},"end":{"line":10,"column":64}},"line":10},"1":{"name":"(anonymous_1)","decl":{"start":{"line":12,"column":16},"end":{"line":12,"column":17}},"loc":{"start":{"line":12,"column":42},"end":{"line":20,"column":1}},"line":12}},"branchMap":{},"s":{"0":1,"1":0,"2":1,"3":1,"4":1,"5":1,"6":1,"7":1,"8":1,"9":1},"f":{"0":0,"1":1},"b":{},"_coverageSchema":"1a1c01bbd47fc00a2c39e90264f33305004495a9","hash":"8c9ad1b96e4e0e6589698630e6dff7f2d6906c54"}
}
