TN:
SF:src/functions.js
FN:6,(anonymous_0)
FN:7,(anonymous_1)
FN:8,(anonymous_2)
FN:9,(anonymous_3)
FN:11,(anonymous_4)
FN:17,(anonymous_5)
FN:20,(anonymous_6)
FN:46,(anonymous_7)
FN:48,(anonymous_8)
FNF:9
FNH:8
FNDA:0,(anonymous_0)
FNDA:4,(anonymous_1)
FNDA:4,(anonymous_2)
FNDA:4,(anonymous_3)
FNDA:4,(anonymous_4)
FNDA:2,(anonymous_5)
FNDA:10,(anonymous_6)
FNDA:2,(anonymous_7)
FNDA:10,(anonymous_8)
DA:6,1
DA:7,4
DA:8,4
DA:9,4
DA:11,1
DA:12,4
DA:13,4
DA:14,4
DA:17,1
DA:18,2
DA:20,2
DA:21,10
DA:22,10
DA:23,2
DA:24,2
DA:25,2
DA:26,8
DA:27,4
DA:28,4
DA:29,4
DA:30,4
DA:31,2
DA:32,2
DA:33,2
DA:34,2
DA:36,2
DA:37,2
DA:38,2
DA:40,10
DA:43,2
DA:46,1
DA:47,2
DA:48,2
DA:52,10
DA:54,2
DA:55,2
DA:58,4
DA:59,4
DA:62,2
DA:63,2
DA:66,2
DA:67,2
DA:69,0
DA:71,10
DA:73,2
DA:74,2
LF:46
LH:45
BRDA:22,0,0,2
BRDA:22,0,1,8
BRDA:26,1,0,4
BRDA:26,1,1,4
BRDA:30,2,0,2
BRDA:30,2,1,2
BRDA:52,3,0,2
BRDA:52,3,1,4
BRDA:52,3,2,2
BRDA:52,3,3,2
BRDA:52,3,4,0
BRF:11
BRH:10
end_of_record
TN:
SF:src/index.js
FN:10,(anonymous_0)
FNF:1
FNH:1
FNDA:2,(anonymous_0)
DA:10,1
DA:11,2
DA:12,2
DA:13,2
DA:14,2
DA:15,2
DA:16,2
DA:17,2
LF:8
LH:8
BRF:0
BRH:0
end_of_record
TN:
SF:src/parsers.js
FN:3,(anonymous_0)
FNF:1
FNH:1
FNDA:4,(anonymous_0)
DA:3,1
DA:4,4
DA:5,2
DA:6,2
DA:7,0
LF:5
LH:4
BRDA:4,0,0,2
BRDA:4,0,1,2
BRDA:4,0,2,0
BRF:3
BRH:2
end_of_record
