TN:
SF:src/functions.js
FN:7,(anonymous_0)
FN:8,(anonymous_1)
FN:9,(anonymous_2)
FN:10,(anonymous_3)
FN:12,(anonymous_4)
FN:18,(anonymous_5)
FN:26,(anonymous_6)
FN:29,(anonymous_7)
FN:55,(anonymous_8)
FN:57,(anonymous_9)
FNF:10
FNH:9
FNDA:0,(anonymous_0)
FNDA:2,(anonymous_1)
FNDA:2,(anonymous_2)
FNDA:2,(anonymous_3)
FNDA:2,(anonymous_4)
FNDA:2,(anonymous_5)
FNDA:1,(anonymous_6)
FNDA:5,(anonymous_7)
FNDA:1,(anonymous_8)
FNDA:5,(anonymous_9)
DA:7,1
DA:8,2
DA:9,2
DA:10,2
DA:12,1
DA:13,2
DA:14,2
DA:15,2
DA:18,1
DA:19,2
DA:20,2
DA:21,0
DA:22,0
DA:26,1
DA:27,1
DA:29,1
DA:30,5
DA:31,5
DA:32,1
DA:33,1
DA:34,1
DA:35,4
DA:36,2
DA:37,2
DA:38,2
DA:39,2
DA:40,1
DA:41,1
DA:42,1
DA:43,1
DA:45,1
DA:46,1
DA:47,1
DA:49,5
DA:52,1
DA:55,1
DA:56,1
DA:57,1
DA:61,5
DA:63,1
DA:64,1
DA:67,2
DA:68,2
DA:71,1
DA:72,1
DA:75,1
DA:76,1
DA:78,0
DA:80,5
DA:82,1
DA:83,1
LF:51
LH:48
BRDA:19,0,0,2
BRDA:19,0,1,0
BRDA:19,0,2,0
BRDA:31,1,0,1
BRDA:31,1,1,4
BRDA:35,2,0,2
BRDA:35,2,1,2
BRDA:39,3,0,1
BRDA:39,3,1,1
BRDA:61,4,0,1
BRDA:61,4,1,2
BRDA:61,4,2,1
BRDA:61,4,3,1
BRDA:61,4,4,0
BRF:14
BRH:11
end_of_record
TN:
SF:src/index.js
FN:10,(anonymous_0)
FN:12,(anonymous_1)
FNF:2
FNH:1
FNDA:0,(anonymous_0)
FNDA:1,(anonymous_1)
DA:10,1
DA:12,1
DA:13,1
DA:14,1
DA:15,1
DA:16,1
DA:17,1
DA:18,1
DA:19,1
LF:9
LH:9
BRF:0
BRH:0
end_of_record
